<?xml version="1.0" encoding="UTF-8"?>
<testng-results ignored="0" total="1" passed="0" failed="1" skipped="0">
  <reporter-output>
  </reporter-output>
  <suite started-at="2020-07-24T13:21:24 CLT" name="Default suite" finished-at="2020-07-24T13:21:49 CLT" duration-ms="24414">
    <groups>
    </groups>
    <test started-at="2020-07-24T13:21:24 CLT" name="Default test" finished-at="2020-07-24T13:21:49 CLT" duration-ms="24414">
      <class name="com.proyect.test.SearchTest">
        <test-method is-config="true" signature="beforeClass()[pri:0, instance:com.proyect.test.SearchTest@3d121db3]" started-at="2020-07-24T13:21:24 CLT" name="beforeClass" finished-at="2020-07-24T13:21:32 CLT" duration-ms="7684" status="PASS">
          <reporter-output>
          </reporter-output>
        </test-method> <!-- beforeClass -->
        <test-method signature="searchTest(java.lang.String, java.lang.String, java.lang.String, java.lang.String, java.lang.String, java.lang.String, java.lang.String, java.lang.String, java.lang.String, java.lang.String, java.lang.String, java.lang.String, java.lang.String, java.lang.String, java.lang.String, java.lang.String, java.lang.String)[pri:0, instance:com.proyect.test.SearchTest@3d121db3]" started-at="2020-07-24T13:21:32 CLT" name="searchTest" description="Buscar un articulo" data-provider="SearchData" finished-at="2020-07-24T13:21:48 CLT" duration-ms="16646" status="FAIL">
          <params>
            <param index="0">
              <value>
                <![CDATA[sivifo8824@inmail92.com]]>
              </value>
            </param>
            <param index="1">
              <value>
                <![CDATA[abc12345]]>
              </value>
            </param>
            <param index="2">
              <value>
                <![CDATA[arriendo de una casa]]>
              </value>
            </param>
            <param index="3">
              <value>
                <![CDATA[ --- Región Metropolitana]]>
              </value>
            </param>
            <param index="4">
              <value>
                <![CDATA[Arrendar]]>
              </value>
            </param>
            <param index="5">
              <value>
                <![CDATA[Casa]]>
              </value>
            </param>
            <param index="6">
              <value>
                <![CDATA[$ 300.000]]>
              </value>
            </param>
            <param index="7">
              <value>
                <![CDATA[$ 600.000]]>
              </value>
            </param>
            <param index="8">
              <value>
                <![CDATA[2 dormitorios]]>
              </value>
            </param>
            <param index="9">
              <value>
                <![CDATA[3 dormitorios]]>
              </value>
            </param>
            <param index="10">
              <value>
                <![CDATA[60 m²]]>
              </value>
            </param>
            <param index="11">
              <value>
                <![CDATA[180 m²]]>
              </value>
            </param>
            <param index="12">
              <value>
                <![CDATA[1 baño]]>
              </value>
            </param>
            <param index="13">
              <value>
                <![CDATA[2 baños]]>
              </value>
            </param>
            <param index="14">
              <value>
                <![CDATA[$ 25.000]]>
              </value>
            </param>
            <param index="15">
              <value>
                <![CDATA[$ 150.000]]>
              </value>
            </param>
            <param index="16">
              <value>
                <![CDATA[1]]>
              </value>
            </param>
          </params>
          <exception class="java.lang.AssertionError">
            <message>
              <![CDATA[The following asserts failed:
No se selecciona la comuna expected [true] but found [false]]]>
            </message>
            <full-stacktrace>
              <![CDATA[java.lang.AssertionError: The following asserts failed:
No se selecciona la comuna expected [true] but found [false]
at org.testng.asserts.SoftAssert.assertAll(SoftAssert.java:47)
at org.testng.asserts.SoftAssert.assertAll(SoftAssert.java:31)
at com.proyect.test.SearchTest.searchTest(SearchTest.java:34)
at java.base/jdk.internal.reflect.NativeMethodAccessorImpl.invoke0(Native Method)
at java.base/jdk.internal.reflect.NativeMethodAccessorImpl.invoke(NativeMethodAccessorImpl.java:62)
at java.base/jdk.internal.reflect.DelegatingMethodAccessorImpl.invoke(DelegatingMethodAccessorImpl.java:43)
at java.base/java.lang.reflect.Method.invoke(Method.java:567)
at org.testng.internal.MethodInvocationHelper.invokeMethod(MethodInvocationHelper.java:134)
at org.testng.internal.TestInvoker.invokeMethod(TestInvoker.java:597)
at org.testng.internal.TestInvoker.invokeTestMethod(TestInvoker.java:173)
at org.testng.internal.MethodRunner.runInSequence(MethodRunner.java:46)
at org.testng.internal.TestInvoker$MethodInvocationAgent.invoke(TestInvoker.java:816)
at org.testng.internal.TestInvoker.invokeTestMethods(TestInvoker.java:146)
at org.testng.internal.TestMethodWorker.invokeTestMethods(TestMethodWorker.java:146)
at org.testng.internal.TestMethodWorker.run(TestMethodWorker.java:128)
at java.base/java.util.ArrayList.forEach(ArrayList.java:1507)
at org.testng.TestRunner.privateRun(TestRunner.java:766)
at org.testng.TestRunner.run(TestRunner.java:587)
at org.testng.SuiteRunner.runTest(SuiteRunner.java:384)
at org.testng.SuiteRunner.runSequentially(SuiteRunner.java:378)
at org.testng.SuiteRunner.privateRun(SuiteRunner.java:337)
at org.testng.SuiteRunner.run(SuiteRunner.java:286)
at org.testng.SuiteRunnerWorker.runSuite(SuiteRunnerWorker.java:53)
at org.testng.SuiteRunnerWorker.run(SuiteRunnerWorker.java:96)
at org.testng.TestNG.runSuitesSequentially(TestNG.java:1187)
at org.testng.TestNG.runSuitesLocally(TestNG.java:1109)
at org.testng.TestNG.runSuites(TestNG.java:1039)
at org.testng.TestNG.run(TestNG.java:1007)
at org.testng.remote.AbstractRemoteTestNG.run(AbstractRemoteTestNG.java:115)
at org.testng.remote.RemoteTestNG.initAndRun(RemoteTestNG.java:251)
at org.testng.remote.RemoteTestNG.main(RemoteTestNG.java:77)
]]>
            </full-stacktrace>
          </exception> <!-- java.lang.AssertionError -->
          <reporter-output>
          </reporter-output>
        </test-method> <!-- searchTest -->
        <test-method is-config="true" signature="afterClass()[pri:0, instance:com.proyect.test.SearchTest@3d121db3]" started-at="2020-07-24T13:21:49 CLT" name="afterClass" finished-at="2020-07-24T13:21:49 CLT" duration-ms="0" status="PASS">
          <reporter-output>
          </reporter-output>
        </test-method> <!-- afterClass -->
      </class> <!-- com.proyect.test.SearchTest -->
    </test> <!-- Default test -->
  </suite> <!-- Default suite -->
</testng-results>
